<?xml version="1.0" encoding="UTF-8"?>
<testng-results ignored="0" total="1" passed="1" failed="0" skipped="0">
  <reporter-output>
  </reporter-output>
  <suite started-at="2022-01-03T12:44:27Z" name="Default suite" finished-at="2022-01-03T12:44:50Z" duration-ms="23180">
    <groups>
    </groups>
    <test started-at="2022-01-03T12:44:27Z" name="Default test" finished-at="2022-01-03T12:44:50Z" duration-ms="23180">
      <class name="OrangeHRM">
        <test-method is-config="true" signature="beforeClass()[pri:0, instance:OrangeHRM@4310d43]" started-at="2022-01-03T12:44:27Z" name="beforeClass" finished-at="2022-01-03T12:44:35Z" duration-ms="7404" status="PASS">
          <reporter-output>
          </reporter-output>
        </test-method> <!-- beforeClass -->
        <test-method signature="Test1()[pri:0, instance:OrangeHRM@4310d43]" started-at="2022-01-03T12:44:35Z" name="Test1" finished-at="2022-01-03T12:44:48Z" duration-ms="13569" status="PASS">
          <reporter-output>
          </reporter-output>
        </test-method> <!-- Test1 -->
        <test-method is-config="true" signature="afterClass()[pri:0, instance:OrangeHRM@4310d43]" started-at="2022-01-03T12:44:48Z" name="afterClass" finished-at="2022-01-03T12:44:50Z" duration-ms="2167" status="PASS">
          <reporter-output>
          </reporter-output>
        </test-method> <!-- afterClass -->
      </class> <!-- OrangeHRM -->
    </test> <!-- Default test -->
  </suite> <!-- Default suite -->
</testng-results>
